Arguments: 
  C:\Program Files\Coding\nvm\node.exe C:\Program Files (x86)\Coding\Yarn\bin\yarn.js install bourbon

PATH: 
  C:\Program Files\Coding\Cmder\vendor\conemu-maximus5\ConEmu\Scripts;C:\Program Files\Coding\Cmder\vendor\conemu-maximus5;C:\Program Files\Coding\Cmder\vendor\conemu-maximus5\ConEmu;C:\Program Files (x86)\Intel\iCLS Client\;C:\Program Files\Intel\iCLS Client\;C:\Windows\system32;C:\Windows;C:\Windows\System32\Wbem;C:\Windows\System32\WindowsPowerShell\v1.0\;C:\Program Files (x86)\NVIDIA Corporation\PhysX\Common;C:\Program Files (x86)\Intel\Intel(R) Management Engine Components\DAL;C:\Program Files\Intel\Intel(R) Management Engine Components\DAL;C:\Program Files (x86)\Intel\Intel(R) Management Engine Components\IPT;C:\Program Files\Intel\Intel(R) Management Engine Components\IPT;C:\Program Files\MacType;C:\ProgramData\chocolatey\bin;C:\Program Files\Coding\nvm;C:\Program Files\Coding\nodejs;C:\Program Files\Coding\nvm\;C:\Program Files\MongoDB\Server\3.4\bin;C:\Program Files (x86)\Coding\Yarn\bin;C:\Code\packages\XAMPP\php;C:\ProgramData\ComposerSetup\bin;C:\Program Files\Git\cmd;C:\code\packages\RailsInstaller\Git\cmd;C:\code\packages\RailsInstaller\Ruby2.3.3\bin;C:\code\packages\Ruby24-x64\bin;C:\Users\Christopher Maier\AppData\Local\Microsoft\WindowsApps;C:\tools\cmder;C:\Users\Christopher Maier\AppData\Local\atom\bin;C:\Program Files\Coding\nvm;C:\Program Files\Coding\nodejs;C:\Users\Christopher Maier\AppData\Roaming\npm;C:\Program Files\Coding\Microsoft VS Code\bin;C:\Program Files\MongoDB\Server\3.4\bin;C:\Users\Christopher Maier\AppData\Local\Yarn\bin;C:\Program Files\Coding\Heroku\bin;C:\code\packages\curl\src;C:\Code\Packages\XAMPP\php;C:\Users\Christopher Maier\AppData\Roaming\Composer\vendor\bin

Yarn version: 
  1.3.2-20171127.1935

Node version: 
  9.2.0

Platform: 
  win32 x64

npm manifest: 
  No manifest

yarn manifest: 
  No manifest

Lockfile: 
  No lockfile

Trace: 
  Error: `install` has been replaced with `add` to add new dependencies. Run "yarn add bourbon" instead.
      at new MessageError (C:\Program Files (x86)\Coding\Yarn\lib\cli.js:186:110)
      at Object.<anonymous> (C:\Program Files (x86)\Coding\Yarn\lib\cli.js:21959:13)
      at Generator.next (<anonymous>)
      at step (C:\Program Files (x86)\Coding\Yarn\lib\cli.js:92:30)
      at C:\Program Files (x86)\Coding\Yarn\lib\cli.js:103:13
      at <anonymous>
